<?xml version="1.0" ?>
<!DOCTYPE coverage SYSTEM "http://cobertura.sourceforge.net/xml/coverage-04.dtd">
<coverage lines-valid="226" lines-covered="120" line-rate="0.5309" branches-valid="136" branches-covered="98" branch-rate="0.7204999999999999" timestamp="1720064069745" complexity="0" version="0.1">
  <sources>
    <source>C:\Users\preston.ku\Downloads\5pk</source>
  </sources>
  <packages>
    <package name="main" line-rate="0.5309" branch-rate="0.7204999999999999">
      <classes>
        <class name="dealer.js" filename="lib\dealer.js" line-rate="1" branch-rate="1">
          <methods>
            <method name="(anonymous_0)" hits="1" signature="()V">
              <lines>
                <line number="7" hits="1"/>
              </lines>
            </method>
            <method name="(anonymous_1)" hits="6" signature="()V">
              <lines>
                <line number="17" hits="6"/>
              </lines>
            </method>
            <method name="(anonymous_2)" hits="3" signature="()V">
              <lines>
                <line number="53" hits="3"/>
              </lines>
            </method>
            <method name="(anonymous_3)" hits="2" signature="()V">
              <lines>
                <line number="80" hits="2"/>
              </lines>
            </method>
            <method name="(anonymous_4)" hits="2" signature="()V">
              <lines>
                <line number="104" hits="2"/>
              </lines>
            </method>
          </methods>
          <lines>
            <line number="2" hits="1" branch="false"/>
            <line number="8" hits="1" branch="false"/>
            <line number="18" hits="6" branch="false"/>
            <line number="22" hits="6" branch="false"/>
            <line number="23" hits="6" branch="true" condition-coverage="100% (2/2)"/>
            <line number="24" hits="1" branch="false"/>
            <line number="27" hits="5" branch="false"/>
            <line number="28" hits="5" branch="false"/>
            <line number="29" hits="5" branch="true" condition-coverage="100% (2/2)"/>
            <line number="30" hits="1" branch="false"/>
            <line number="32" hits="4" branch="true" condition-coverage="100% (2/2)"/>
            <line number="33" hits="1" branch="false"/>
            <line number="35" hits="3" branch="true" condition-coverage="100% (2/2)"/>
            <line number="36" hits="1" branch="false"/>
            <line number="38" hits="2" branch="true" condition-coverage="100% (2/2)"/>
            <line number="39" hits="1" branch="false"/>
            <line number="41" hits="5" branch="false"/>
            <line number="45" hits="6" branch="false"/>
            <line number="55" hits="3" branch="false"/>
            <line number="56" hits="3" branch="false"/>
            <line number="58" hits="3" branch="false"/>
            <line number="59" hits="127" branch="false"/>
            <line number="60" hits="127" branch="true" condition-coverage="100% (4/4)"/>
            <line number="61" hits="112" branch="false"/>
            <line number="64" hits="15" branch="false"/>
            <line number="65" hits="15" branch="false"/>
            <line number="69" hits="3" branch="false"/>
            <line number="82" hits="2" branch="false"/>
            <line number="84" hits="2" branch="false"/>
            <line number="85" hits="4" branch="false"/>
            <line number="87" hits="4" branch="true" condition-coverage="100% (4/4)"/>
            <line number="88" hits="1" branch="false"/>
            <line number="91" hits="3" branch="false"/>
            <line number="92" hits="3" branch="false"/>
            <line number="93" hits="3" branch="false"/>
            <line number="97" hits="2" branch="false"/>
            <line number="105" hits="2" branch="true" condition-coverage="100% (2/2)"/>
            <line number="106" hits="1" branch="false"/>
            <line number="112" hits="1" branch="false"/>
          </lines>
        </class>
        <class name="doubleGame.js" filename="lib\doubleGame.js" line-rate="0" branch-rate="0">
          <methods>
            <method name="(anonymous_0)" hits="0" signature="()V">
              <lines>
                <line number="7" hits="0"/>
              </lines>
            </method>
            <method name="(anonymous_1)" hits="0" signature="()V">
              <lines>
                <line number="16" hits="0"/>
              </lines>
            </method>
            <method name="(anonymous_2)" hits="0" signature="()V">
              <lines>
                <line number="61" hits="0"/>
              </lines>
            </method>
          </methods>
          <lines>
            <line number="1" hits="0" branch="false"/>
            <line number="2" hits="0" branch="false"/>
            <line number="3" hits="0" branch="false"/>
            <line number="8" hits="0" branch="false"/>
            <line number="18" hits="0" branch="false"/>
            <line number="21" hits="0" branch="false"/>
            <line number="23" hits="0" branch="false"/>
            <line number="24" hits="0" branch="false"/>
            <line number="25" hits="0" branch="true" condition-coverage="0% (0/4)"/>
            <line number="26" hits="0" branch="false"/>
            <line number="27" hits="0" branch="false"/>
            <line number="28" hits="0" branch="false"/>
            <line number="32" hits="0" branch="false"/>
            <line number="33" hits="0" branch="false"/>
            <line number="34" hits="0" branch="false"/>
            <line number="36" hits="0" branch="false"/>
            <line number="37" hits="0" branch="false"/>
            <line number="39" hits="0" branch="false"/>
            <line number="40" hits="0" branch="false"/>
            <line number="42" hits="0" branch="false"/>
            <line number="43" hits="0" branch="false"/>
            <line number="45" hits="0" branch="false"/>
            <line number="46" hits="0" branch="false"/>
            <line number="48" hits="0" branch="false"/>
            <line number="50" hits="0" branch="false"/>
            <line number="62" hits="0" branch="false"/>
            <line number="63" hits="0" branch="false"/>
            <line number="65" hits="0" branch="true" condition-coverage="0% (0/4)"/>
            <line number="66" hits="0" branch="false"/>
            <line number="67" hits="0" branch="true" condition-coverage="0% (0/2)"/>
            <line number="68" hits="0" branch="false"/>
            <line number="69" hits="0" branch="true" condition-coverage="0% (0/2)"/>
            <line number="70" hits="0" branch="false"/>
            <line number="73" hits="0" branch="false"/>
            <line number="81" hits="0" branch="false"/>
          </lines>
        </class>
        <class name="enum.js" filename="lib\enum.js" line-rate="0" branch-rate="1">
          <methods>
          </methods>
          <lines>
            <line number="1" hits="0" branch="false"/>
          </lines>
        </class>
        <class name="pricing.js" filename="lib\pricing.js" line-rate="1" branch-rate="1">
          <methods>
            <method name="(anonymous_0)" hits="66" signature="()V">
              <lines>
                <line number="11" hits="66"/>
              </lines>
            </method>
            <method name="(anonymous_1)" hits="98" signature="()V">
              <lines>
                <line number="21" hits="98"/>
              </lines>
            </method>
            <method name="(anonymous_2)" hits="1372" signature="()V">
              <lines>
                <line number="24" hits="1372"/>
              </lines>
            </method>
            <method name="(anonymous_3)" hits="41" signature="()V">
              <lines>
                <line number="37" hits="41"/>
              </lines>
            </method>
            <method name="(anonymous_4)" hits="574" signature="()V">
              <lines>
                <line number="40" hits="574"/>
              </lines>
            </method>
            <method name="(anonymous_5)" hits="9" signature="()V">
              <lines>
                <line number="57" hits="9"/>
              </lines>
            </method>
            <method name="(anonymous_6)" hits="45" signature="()V">
              <lines>
                <line number="58" hits="45"/>
              </lines>
            </method>
            <method name="(anonymous_7)" hits="18" signature="()V">
              <lines>
                <line number="67" hits="18"/>
              </lines>
            </method>
            <method name="(anonymous_8)" hits="124" signature="()V">
              <lines>
                <line number="70" hits="124"/>
              </lines>
            </method>
            <method name="(anonymous_9)" hits="5" signature="()V">
              <lines>
                <line number="97" hits="5"/>
              </lines>
            </method>
            <method name="(anonymous_10)" hits="25" signature="()V">
              <lines>
                <line number="101" hits="25"/>
              </lines>
            </method>
            <method name="(anonymous_11)" hits="42" signature="()V">
              <lines>
                <line number="106" hits="42"/>
              </lines>
            </method>
            <method name="(anonymous_12)" hits="27" signature="()V">
              <lines>
                <line number="126" hits="27"/>
              </lines>
            </method>
          </methods>
          <lines>
            <line number="1" hits="1" branch="false"/>
            <line number="2" hits="1" branch="false"/>
            <line number="3" hits="1" branch="false"/>
            <line number="13" hits="66" branch="false"/>
            <line number="14" hits="66" branch="true" condition-coverage="100% (2/2)"/>
            <line number="15" hits="36" branch="false"/>
            <line number="18" hits="66" branch="false"/>
            <line number="22" hits="98" branch="false"/>
            <line number="24" hits="98" branch="false"/>
            <line number="25" hits="1372" branch="true" condition-coverage="100% (2/2)"/>
            <line number="26" hits="394" branch="false"/>
            <line number="30" hits="98" branch="false"/>
            <line number="38" hits="41" branch="false"/>
            <line number="40" hits="41" branch="false"/>
            <line number="41" hits="574" branch="true" condition-coverage="100% (2/2)"/>
            <line number="42" hits="533" branch="true" condition-coverage="100% (2/2)"/>
            <line number="43" hits="60" branch="false"/>
            <line number="48" hits="41" branch="false"/>
            <line number="58" hits="45" branch="false"/>
            <line number="60" hits="9" branch="false"/>
            <line number="68" hits="18" branch="false"/>
            <line number="69" hits="18" branch="false"/>
            <line number="70" hits="124" branch="false"/>
            <line number="72" hits="18" branch="true" condition-coverage="100% (2/2)"/>
            <line number="73" hits="10" branch="false"/>
            <line number="74" hits="10" branch="false"/>
            <line number="77" hits="18" branch="false"/>
            <line number="78" hits="57" branch="true" condition-coverage="100% (2/2)"/>
            <line number="79" hits="25" branch="true" condition-coverage="100% (2/2)"/>
            <line number="80" hits="13" branch="false"/>
            <line number="81" hits="13" branch="false"/>
            <line number="82" hits="13" branch="false"/>
            <line number="85" hits="12" branch="false"/>
            <line number="89" hits="6" branch="false"/>
            <line number="98" hits="5" branch="false"/>
            <line number="100" hits="5" branch="true" condition-coverage="100% (2/2)"/>
            <line number="101" hits="25" branch="true" condition-coverage="100% (4/4)"/>
            <line number="103" hits="2" branch="false"/>
            <line number="106" hits="3" branch="false"/>
            <line number="107" hits="42" branch="true" condition-coverage="100% (2/2)"/>
            <line number="108" hits="3" branch="false"/>
            <line number="112" hits="3" branch="true" condition-coverage="100% (5/5)"/>
            <line number="113" hits="2" branch="false"/>
            <line number="116" hits="1" branch="false"/>
            <line number="127" hits="27" branch="false"/>
            <line number="129" hits="27" branch="false"/>
            <line number="131" hits="27" branch="false"/>
            <line number="132" hits="135" branch="true" condition-coverage="100% (4/4)"/>
            <line number="133" hits="21" branch="false"/>
            <line number="134" hits="21" branch="false"/>
            <line number="135" hits="21" branch="false"/>
            <line number="136" hits="21" branch="false"/>
            <line number="139" hits="114" branch="false"/>
            <line number="140" hits="114" branch="false"/>
            <line number="141" hits="114" branch="false"/>
            <line number="142" hits="114" branch="false"/>
            <line number="146" hits="27" branch="true" condition-coverage="100% (4/4)"/>
            <line number="147" hits="1" branch="false"/>
            <line number="149" hits="26" branch="true" condition-coverage="100% (4/4)"/>
            <line number="150" hits="2" branch="false"/>
            <line number="152" hits="24" branch="true" condition-coverage="100% (4/4)"/>
            <line number="153" hits="3" branch="false"/>
            <line number="155" hits="21" branch="true" condition-coverage="100% (2/2)"/>
            <line number="156" hits="3" branch="false"/>
            <line number="158" hits="18" branch="true" condition-coverage="100% (7/7)"/>
            <line number="160" hits="3" branch="false"/>
            <line number="162" hits="15" branch="true" condition-coverage="100% (2/2)"/>
            <line number="163" hits="3" branch="false"/>
            <line number="165" hits="12" branch="true" condition-coverage="100% (2/2)"/>
            <line number="166" hits="3" branch="false"/>
            <line number="168" hits="9" branch="true" condition-coverage="100% (10/10)"/>
            <line number="171" hits="3" branch="false"/>
            <line number="173" hits="6" branch="true" condition-coverage="100% (4/4)"/>
            <line number="174" hits="1" branch="false"/>
            <line number="176" hits="5" branch="true" condition-coverage="100% (8/8)"/>
            <line number="178" hits="3" branch="false"/>
            <line number="180" hits="27" branch="false"/>
            <line number="181" hits="27" branch="false"/>
            <line number="182" hits="27" branch="false"/>
            <line number="184" hits="27" branch="false"/>
            <line number="192" hits="1" branch="false"/>
          </lines>
        </class>
        <class name="regularGame.js" filename="lib\regularGame.js" line-rate="0" branch-rate="1">
          <methods>
            <method name="(anonymous_0)" hits="0" signature="()V">
              <lines>
                <line number="6" hits="0"/>
              </lines>
            </method>
            <method name="(anonymous_1)" hits="0" signature="()V">
              <lines>
                <line number="15" hits="0"/>
              </lines>
            </method>
            <method name="(anonymous_2)" hits="0" signature="()V">
              <lines>
                <line number="31" hits="0"/>
              </lines>
            </method>
          </methods>
          <lines>
            <line number="1" hits="0" branch="false"/>
            <line number="2" hits="0" branch="false"/>
            <line number="7" hits="0" branch="false"/>
            <line number="16" hits="0" branch="false"/>
            <line number="18" hits="0" branch="false"/>
            <line number="19" hits="0" branch="false"/>
            <line number="20" hits="0" branch="false"/>
            <line number="22" hits="0" branch="false"/>
            <line number="32" hits="0" branch="false"/>
            <line number="34" hits="0" branch="false"/>
            <line number="35" hits="0" branch="false"/>
            <line number="37" hits="0" branch="false"/>
            <line number="42" hits="0" branch="false"/>
          </lines>
        </class>
        <class name="transition.js" filename="lib\transition.js" line-rate="0" branch-rate="0">
          <methods>
            <method name="(anonymous_0)" hits="0" signature="()V">
              <lines>
                <line number="11" hits="0"/>
              </lines>
            </method>
            <method name="(anonymous_1)" hits="0" signature="()V">
              <lines>
                <line number="41" hits="0"/>
              </lines>
            </method>
            <method name="(anonymous_2)" hits="0" signature="()V">
              <lines>
                <line number="47" hits="0"/>
              </lines>
            </method>
            <method name="(anonymous_3)" hits="0" signature="()V">
              <lines>
                <line number="49" hits="0"/>
              </lines>
            </method>
            <method name="(anonymous_4)" hits="0" signature="()V">
              <lines>
                <line number="65" hits="0"/>
              </lines>
            </method>
            <method name="(anonymous_5)" hits="0" signature="()V">
              <lines>
                <line number="85" hits="0"/>
              </lines>
            </method>
            <method name="(anonymous_6)" hits="0" signature="()V">
              <lines>
                <line number="107" hits="0"/>
              </lines>
            </method>
            <method name="(anonymous_7)" hits="0" signature="()V">
              <lines>
                <line number="133" hits="0"/>
              </lines>
            </method>
          </methods>
          <lines>
            <line number="1" hits="0" branch="false"/>
            <line number="13" hits="0" branch="false"/>
            <line number="14" hits="0" branch="false"/>
            <line number="16" hits="0" branch="true" condition-coverage="0% (0/2)"/>
            <line number="17" hits="0" branch="false"/>
            <line number="19" hits="0" branch="false"/>
            <line number="21" hits="0" branch="true" condition-coverage="0% (0/2)"/>
            <line number="22" hits="0" branch="false"/>
            <line number="24" hits="0" branch="false"/>
            <line number="26" hits="0" branch="true" condition-coverage="0% (0/2)"/>
            <line number="27" hits="0" branch="false"/>
            <line number="29" hits="0" branch="false"/>
            <line number="32" hits="0" branch="false"/>
            <line number="42" hits="0" branch="false"/>
            <line number="43" hits="0" branch="false"/>
            <line number="45" hits="0" branch="false"/>
            <line number="46" hits="0" branch="false"/>
            <line number="47" hits="0" branch="false"/>
            <line number="49" hits="0" branch="true" condition-coverage="0% (0/3)"/>
            <line number="50" hits="0" branch="true" condition-coverage="0% (0/2)"/>
            <line number="51" hits="0" branch="false"/>
            <line number="52" hits="0" branch="false"/>
            <line number="54" hits="0" branch="false"/>
            <line number="57" hits="0" branch="false"/>
            <line number="66" hits="0" branch="false"/>
            <line number="67" hits="0" branch="true" condition-coverage="0% (0/2)"/>
            <line number="68" hits="0" branch="false"/>
            <line number="70" hits="0" branch="false"/>
            <line number="71" hits="0" branch="true" condition-coverage="0% (0/2)"/>
            <line number="72" hits="0" branch="false"/>
            <line number="74" hits="0" branch="false"/>
            <line number="76" hits="0" branch="false"/>
            <line number="87" hits="0" branch="false"/>
            <line number="88" hits="0" branch="false"/>
            <line number="89" hits="0" branch="true" condition-coverage="0% (0/5)"/>
            <line number="90" hits="0" branch="false"/>
            <line number="91" hits="0" branch="false"/>
            <line number="94" hits="0" branch="false"/>
            <line number="98" hits="0" branch="false"/>
            <line number="109" hits="0" branch="false"/>
            <line number="110" hits="0" branch="false"/>
            <line number="111" hits="0" branch="true" condition-coverage="0% (0/2)"/>
            <line number="112" hits="0" branch="false"/>
            <line number="114" hits="0" branch="false"/>
            <line number="115" hits="0" branch="true" condition-coverage="0% (0/2)"/>
            <line number="116" hits="0" branch="false"/>
            <line number="118" hits="0" branch="false"/>
            <line number="120" hits="0" branch="false"/>
            <line number="122" hits="0" branch="false"/>
            <line number="134" hits="0" branch="false"/>
            <line number="136" hits="0" branch="true" condition-coverage="0% (0/2)"/>
            <line number="137" hits="0" branch="false"/>
            <line number="139" hits="0" branch="false"/>
            <line number="141" hits="0" branch="false"/>
            <line number="142" hits="0" branch="false"/>
            <line number="144" hits="0" branch="false"/>
            <line number="150" hits="0" branch="false"/>
          </lines>
        </class>
      </classes>
    </package>
  </packages>
</coverage>
