TN:
SF:lib\dealer.js
FN:7,(anonymous_0)
FN:17,(anonymous_1)
FN:53,(anonymous_2)
FN:80,(anonymous_3)
FN:104,(anonymous_4)
FNF:5
FNH:5
FNDA:1,(anonymous_0)
FNDA:6,(anonymous_1)
FNDA:3,(anonymous_2)
FNDA:2,(anonymous_3)
FNDA:2,(anonymous_4)
DA:2,1
DA:8,1
DA:18,6
DA:22,6
DA:23,6
DA:24,1
DA:27,5
DA:28,5
DA:29,5
DA:30,1
DA:32,4
DA:33,1
DA:35,3
DA:36,1
DA:38,2
DA:39,1
DA:41,5
DA:45,6
DA:55,3
DA:56,3
DA:58,3
DA:59,127
DA:60,127
DA:61,112
DA:64,15
DA:65,15
DA:69,3
DA:82,2
DA:84,2
DA:85,4
DA:87,4
DA:88,1
DA:91,3
DA:92,3
DA:93,3
DA:97,2
DA:105,2
DA:106,1
DA:112,1
LF:39
LH:39
BRDA:23,0,0,1
BRDA:23,0,1,5
BRDA:29,1,0,1
BRDA:29,1,1,4
BRDA:32,2,0,1
BRDA:32,2,1,3
BRDA:35,3,0,1
BRDA:35,3,1,2
BRDA:38,4,0,1
BRDA:38,4,1,1
BRDA:60,5,0,112
BRDA:60,5,1,15
BRDA:60,6,0,127
BRDA:60,6,1,121
BRDA:87,7,0,1
BRDA:87,7,1,3
BRDA:87,8,0,4
BRDA:87,8,1,4
BRDA:105,9,0,1
BRDA:105,9,1,1
BRF:20
BRH:20
end_of_record
TN:
SF:lib\doubleGame.js
FN:7,(anonymous_0)
FN:16,(anonymous_1)
FN:61,(anonymous_2)
FNF:3
FNH:0
FNDA:0,(anonymous_0)
FNDA:0,(anonymous_1)
FNDA:0,(anonymous_2)
DA:1,0
DA:2,0
DA:3,0
DA:8,0
DA:18,0
DA:21,0
DA:23,0
DA:24,0
DA:25,0
DA:26,0
DA:27,0
DA:28,0
DA:32,0
DA:33,0
DA:34,0
DA:36,0
DA:37,0
DA:39,0
DA:40,0
DA:42,0
DA:43,0
DA:45,0
DA:46,0
DA:48,0
DA:50,0
DA:62,0
DA:63,0
DA:65,0
DA:66,0
DA:67,0
DA:68,0
DA:69,0
DA:70,0
DA:73,0
DA:81,0
LF:35
LH:0
BRDA:25,0,0,0
BRDA:25,0,1,0
BRDA:25,1,0,0
BRDA:25,1,1,0
BRDA:65,2,0,0
BRDA:65,2,1,0
BRDA:65,3,0,0
BRDA:65,3,1,0
BRDA:67,4,0,0
BRDA:67,4,1,0
BRDA:69,5,0,0
BRDA:69,5,1,0
BRF:12
BRH:0
end_of_record
TN:
SF:lib\enum.js
FNF:0
FNH:0
DA:1,0
LF:1
LH:0
BRF:0
BRH:0
end_of_record
TN:
SF:lib\pricing.js
FN:11,(anonymous_0)
FN:21,(anonymous_1)
FN:24,(anonymous_2)
FN:37,(anonymous_3)
FN:40,(anonymous_4)
FN:57,(anonymous_5)
FN:58,(anonymous_6)
FN:67,(anonymous_7)
FN:70,(anonymous_8)
FN:97,(anonymous_9)
FN:101,(anonymous_10)
FN:106,(anonymous_11)
FN:126,(anonymous_12)
FNF:13
FNH:13
FNDA:66,(anonymous_0)
FNDA:98,(anonymous_1)
FNDA:1372,(anonymous_2)
FNDA:41,(anonymous_3)
FNDA:574,(anonymous_4)
FNDA:9,(anonymous_5)
FNDA:45,(anonymous_6)
FNDA:18,(anonymous_7)
FNDA:124,(anonymous_8)
FNDA:5,(anonymous_9)
FNDA:25,(anonymous_10)
FNDA:42,(anonymous_11)
FNDA:27,(anonymous_12)
DA:1,1
DA:2,1
DA:3,1
DA:13,66
DA:14,66
DA:15,36
DA:18,66
DA:22,98
DA:24,98
DA:25,1372
DA:26,394
DA:30,98
DA:38,41
DA:40,41
DA:41,574
DA:42,533
DA:43,60
DA:48,41
DA:58,45
DA:60,9
DA:68,18
DA:69,18
DA:70,124
DA:72,18
DA:73,10
DA:74,10
DA:77,18
DA:78,57
DA:79,25
DA:80,13
DA:81,13
DA:82,13
DA:85,12
DA:89,6
DA:98,5
DA:100,5
DA:101,25
DA:103,2
DA:106,3
DA:107,42
DA:108,3
DA:112,3
DA:113,2
DA:116,1
DA:127,27
DA:129,27
DA:131,27
DA:132,135
DA:133,21
DA:134,21
DA:135,21
DA:136,21
DA:139,114
DA:140,114
DA:141,114
DA:142,114
DA:146,27
DA:147,1
DA:149,26
DA:150,2
DA:152,24
DA:153,3
DA:155,21
DA:156,3
DA:158,18
DA:160,3
DA:162,15
DA:163,3
DA:165,12
DA:166,3
DA:168,9
DA:171,3
DA:173,6
DA:174,1
DA:176,5
DA:178,3
DA:180,27
DA:181,27
DA:182,27
DA:184,27
DA:192,1
LF:81
LH:81
BRDA:14,0,0,36
BRDA:14,0,1,30
BRDA:25,1,0,394
BRDA:25,1,1,978
BRDA:41,2,0,533
BRDA:41,2,1,41
BRDA:42,3,0,60
BRDA:42,3,1,473
BRDA:72,4,0,10
BRDA:72,4,1,8
BRDA:78,5,0,25
BRDA:78,5,1,32
BRDA:79,6,0,13
BRDA:79,6,1,12
BRDA:100,7,0,2
BRDA:100,7,1,3
BRDA:101,8,0,25
BRDA:101,8,1,5
BRDA:101,8,2,21
BRDA:101,8,3,6
BRDA:107,9,0,3
BRDA:107,9,1,39
BRDA:112,10,0,2
BRDA:112,10,1,1
BRDA:112,11,0,3
BRDA:112,11,1,1
BRDA:112,11,2,2
BRDA:132,12,0,21
BRDA:132,12,1,114
BRDA:132,13,0,135
BRDA:132,13,1,120
BRDA:146,14,0,1
BRDA:146,14,1,26
BRDA:146,15,0,27
BRDA:146,15,1,9
BRDA:149,16,0,2
BRDA:149,16,1,24
BRDA:149,17,0,26
BRDA:149,17,1,5
BRDA:152,18,0,3
BRDA:152,18,1,21
BRDA:152,19,0,24
BRDA:152,19,1,6
BRDA:155,20,0,3
BRDA:155,20,1,18
BRDA:158,21,0,3
BRDA:158,21,1,15
BRDA:158,22,0,18
BRDA:158,22,1,2
BRDA:158,22,2,16
BRDA:158,22,3,3
BRDA:158,22,4,2
BRDA:162,23,0,3
BRDA:162,23,1,12
BRDA:165,24,0,3
BRDA:165,24,1,9
BRDA:168,25,0,3
BRDA:168,25,1,6
BRDA:168,26,0,9
BRDA:168,26,1,2
BRDA:168,26,2,8
BRDA:168,26,3,5
BRDA:168,26,4,4
BRDA:168,26,5,7
BRDA:168,26,6,4
BRDA:168,26,7,1
BRDA:173,27,0,1
BRDA:173,27,1,5
BRDA:173,28,0,6
BRDA:173,28,1,1
BRDA:176,29,0,3
BRDA:176,29,1,2
BRDA:176,30,0,5
BRDA:176,30,1,3
BRDA:176,30,2,3
BRDA:176,30,3,3
BRDA:176,30,4,2
BRDA:176,30,5,1
BRF:78
BRH:78
end_of_record
TN:
SF:lib\regularGame.js
FN:6,(anonymous_0)
FN:15,(anonymous_1)
FN:31,(anonymous_2)
FNF:3
FNH:0
FNDA:0,(anonymous_0)
FNDA:0,(anonymous_1)
FNDA:0,(anonymous_2)
DA:1,0
DA:2,0
DA:7,0
DA:16,0
DA:18,0
DA:19,0
DA:20,0
DA:22,0
DA:32,0
DA:34,0
DA:35,0
DA:37,0
DA:42,0
LF:13
LH:0
BRF:0
BRH:0
end_of_record
TN:
SF:lib\transition.js
FN:11,(anonymous_0)
FN:41,(anonymous_1)
FN:47,(anonymous_2)
FN:49,(anonymous_3)
FN:65,(anonymous_4)
FN:85,(anonymous_5)
FN:107,(anonymous_6)
FN:133,(anonymous_7)
FNF:8
FNH:0
FNDA:0,(anonymous_0)
FNDA:0,(anonymous_1)
FNDA:0,(anonymous_2)
FNDA:0,(anonymous_3)
FNDA:0,(anonymous_4)
FNDA:0,(anonymous_5)
FNDA:0,(anonymous_6)
FNDA:0,(anonymous_7)
DA:1,0
DA:13,0
DA:14,0
DA:16,0
DA:17,0
DA:19,0
DA:21,0
DA:22,0
DA:24,0
DA:26,0
DA:27,0
DA:29,0
DA:32,0
DA:42,0
DA:43,0
DA:45,0
DA:46,0
DA:47,0
DA:49,0
DA:50,0
DA:51,0
DA:52,0
DA:54,0
DA:57,0
DA:66,0
DA:67,0
DA:68,0
DA:70,0
DA:71,0
DA:72,0
DA:74,0
DA:76,0
DA:87,0
DA:88,0
DA:89,0
DA:90,0
DA:91,0
DA:94,0
DA:98,0
DA:109,0
DA:110,0
DA:111,0
DA:112,0
DA:114,0
DA:115,0
DA:116,0
DA:118,0
DA:120,0
DA:122,0
DA:134,0
DA:136,0
DA:137,0
DA:139,0
DA:141,0
DA:142,0
DA:144,0
DA:150,0
LF:57
LH:0
BRDA:16,0,0,0
BRDA:16,0,1,0
BRDA:21,1,0,0
BRDA:21,1,1,0
BRDA:26,2,0,0
BRDA:26,2,1,0
BRDA:49,3,0,0
BRDA:49,3,1,0
BRDA:49,3,2,0
BRDA:50,4,0,0
BRDA:50,4,1,0
BRDA:67,5,0,0
BRDA:67,5,1,0
BRDA:71,6,0,0
BRDA:71,6,1,0
BRDA:89,7,0,0
BRDA:89,7,1,0
BRDA:89,8,0,0
BRDA:89,8,1,0
BRDA:89,8,2,0
BRDA:111,9,0,0
BRDA:111,9,1,0
BRDA:115,10,0,0
BRDA:115,10,1,0
BRDA:136,11,0,0
BRDA:136,11,1,0
BRF:26
BRH:0
end_of_record
