TN:
SF:lib\dealer.js
FN:12,(anonymous_0)
FN:42,(anonymous_1)
FN:67,(anonymous_2)
FN:89,(anonymous_3)
FNF:4
FNH:1
FNDA:1,(anonymous_0)
FNDA:0,(anonymous_1)
FNDA:0,(anonymous_2)
FNDA:0,(anonymous_3)
DA:2,1
DA:3,1
DA:13,1
DA:17,1
DA:18,1
DA:19,1
DA:21,0
DA:22,0
DA:23,0
DA:24,0
DA:25,0
DA:26,0
DA:27,0
DA:28,0
DA:29,0
DA:30,0
DA:32,0
DA:35,1
DA:44,0
DA:45,0
DA:47,0
DA:48,0
DA:49,0
DA:50,0
DA:52,0
DA:53,0
DA:56,0
DA:69,0
DA:71,0
DA:72,0
DA:74,0
DA:75,0
DA:77,0
DA:78,0
DA:79,0
DA:82,0
DA:90,0
DA:91,0
DA:96,1
LF:39
LH:8
BRDA:18,0,0,1
BRDA:18,0,1,0
BRDA:23,1,0,0
BRDA:23,1,1,0
BRDA:25,2,0,0
BRDA:25,2,1,0
BRDA:27,3,0,0
BRDA:27,3,1,0
BRDA:29,4,0,0
BRDA:29,4,1,0
BRDA:49,5,0,0
BRDA:49,5,1,0
BRDA:49,6,0,0
BRDA:49,6,1,0
BRDA:74,7,0,0
BRDA:74,7,1,0
BRDA:74,8,0,0
BRDA:74,8,1,0
BRDA:90,9,0,0
BRDA:90,9,1,0
BRF:20
BRH:1
end_of_record
TN:
SF:lib\doubleGame.js
FN:7,(anonymous_0)
FN:16,(anonymous_1)
FN:64,(anonymous_2)
FNF:3
FNH:0
FNDA:0,(anonymous_0)
FNDA:0,(anonymous_1)
FNDA:0,(anonymous_2)
DA:1,0
DA:2,0
DA:3,0
DA:8,0
DA:19,0
DA:26,0
DA:28,0
DA:29,0
DA:30,0
DA:31,0
DA:32,0
DA:33,0
DA:37,0
DA:38,0
DA:39,0
DA:41,0
DA:42,0
DA:44,0
DA:45,0
DA:47,0
DA:48,0
DA:50,0
DA:51,0
DA:53,0
DA:65,0
DA:66,0
DA:68,0
DA:69,0
DA:70,0
DA:71,0
DA:72,0
DA:73,0
DA:75,0
DA:82,0
LF:34
LH:0
BRDA:30,0,0,0
BRDA:30,0,1,0
BRDA:30,1,0,0
BRDA:30,1,1,0
BRDA:68,2,0,0
BRDA:68,2,1,0
BRDA:68,3,0,0
BRDA:68,3,1,0
BRDA:70,4,0,0
BRDA:70,4,1,0
BRDA:72,5,0,0
BRDA:72,5,1,0
BRF:12
BRH:0
end_of_record
TN:
SF:lib\enum.js
FNF:0
FNH:0
DA:1,0
DA:3,0
LF:2
LH:0
BRF:0
BRH:0
end_of_record
TN:
SF:lib\pricing.js
FN:10,(anonymous_0)
FN:19,(anonymous_1)
FN:32,(anonymous_2)
FN:51,(anonymous_3)
FN:52,(anonymous_4)
FN:59,(anonymous_5)
FN:62,(anonymous_6)
FN:86,(anonymous_7)
FN:116,(anonymous_8)
FNF:9
FNH:0
FNDA:0,(anonymous_0)
FNDA:0,(anonymous_1)
FNDA:0,(anonymous_2)
FNDA:0,(anonymous_3)
FNDA:0,(anonymous_4)
FNDA:0,(anonymous_5)
FNDA:0,(anonymous_6)
FNDA:0,(anonymous_7)
FNDA:0,(anonymous_8)
DA:1,0
DA:2,0
DA:3,0
DA:12,0
DA:13,0
DA:14,0
DA:16,0
DA:20,0
DA:21,0
DA:22,0
DA:23,0
DA:26,0
DA:33,0
DA:35,0
DA:36,0
DA:37,0
DA:38,0
DA:42,0
DA:52,0
DA:53,0
DA:60,0
DA:61,0
DA:62,0
DA:64,0
DA:65,0
DA:66,0
DA:69,0
DA:70,0
DA:71,0
DA:72,0
DA:73,0
DA:74,0
DA:76,0
DA:79,0
DA:87,0
DA:88,0
DA:90,0
DA:91,0
DA:92,0
DA:93,0
DA:95,0
DA:97,0
DA:98,0
DA:99,0
DA:100,0
DA:103,0
DA:104,0
DA:106,0
DA:117,0
DA:119,0
DA:121,0
DA:122,0
DA:123,0
DA:124,0
DA:125,0
DA:126,0
DA:128,0
DA:129,0
DA:130,0
DA:131,0
DA:135,0
DA:136,0
DA:137,0
DA:138,0
DA:139,0
DA:140,0
DA:141,0
DA:142,0
DA:143,0
DA:145,0
DA:146,0
DA:147,0
DA:148,0
DA:149,0
DA:150,0
DA:152,0
DA:153,0
DA:154,0
DA:155,0
DA:157,0
DA:159,0
DA:160,0
DA:161,0
DA:162,0
DA:169,0
LF:85
LH:0
BRDA:13,0,0,0
BRDA:13,0,1,0
BRDA:22,1,0,0
BRDA:22,1,1,0
BRDA:36,2,0,0
BRDA:36,2,1,0
BRDA:37,3,0,0
BRDA:37,3,1,0
BRDA:64,4,0,0
BRDA:64,4,1,0
BRDA:70,5,0,0
BRDA:70,5,1,0
BRDA:71,6,0,0
BRDA:71,6,1,0
BRDA:90,7,0,0
BRDA:90,7,1,0
BRDA:92,8,0,0
BRDA:92,8,1,0
BRDA:92,9,0,0
BRDA:92,9,1,0
BRDA:92,9,2,0
BRDA:92,9,3,0
BRDA:98,10,0,0
BRDA:98,10,1,0
BRDA:103,11,0,0
BRDA:103,11,1,0
BRDA:103,12,0,0
BRDA:103,12,1,0
BRDA:103,12,2,0
BRDA:122,13,0,0
BRDA:122,13,1,0
BRDA:122,14,0,0
BRDA:122,14,1,0
BRDA:135,15,0,0
BRDA:135,15,1,0
BRDA:135,16,0,0
BRDA:135,16,1,0
BRDA:137,17,0,0
BRDA:137,17,1,0
BRDA:137,18,0,0
BRDA:137,18,1,0
BRDA:139,19,0,0
BRDA:139,19,1,0
BRDA:139,20,0,0
BRDA:139,20,1,0
BRDA:141,21,0,0
BRDA:141,21,1,0
BRDA:143,22,0,0
BRDA:143,22,1,0
BRDA:143,23,0,0
BRDA:143,23,1,0
BRDA:143,23,2,0
BRDA:143,23,3,0
BRDA:143,23,4,0
BRDA:146,24,0,0
BRDA:146,24,1,0
BRDA:148,25,0,0
BRDA:148,25,1,0
BRDA:150,26,0,0
BRDA:150,26,1,0
BRDA:150,27,0,0
BRDA:150,27,1,0
BRDA:150,27,2,0
BRDA:150,27,3,0
BRDA:150,27,4,0
BRDA:153,28,0,0
BRDA:153,28,1,0
BRDA:153,29,0,0
BRDA:153,29,1,0
BRDA:155,30,0,0
BRDA:155,30,1,0
BRDA:155,31,0,0
BRDA:155,31,1,0
BRDA:155,31,2,0
BRDA:155,31,3,0
BRDA:155,31,4,0
BRDA:155,31,5,0
BRF:77
BRH:0
end_of_record
TN:
SF:lib\regularGame.js
FN:6,(anonymous_0)
FN:14,(anonymous_1)
FN:28,(anonymous_2)
FNF:3
FNH:0
FNDA:0,(anonymous_0)
FNDA:0,(anonymous_1)
FNDA:0,(anonymous_2)
DA:1,0
DA:2,0
DA:7,0
DA:15,0
DA:17,0
DA:18,0
DA:19,0
DA:20,0
DA:29,0
DA:31,0
DA:32,0
DA:34,0
DA:38,0
LF:13
LH:0
BRF:0
BRH:0
end_of_record
TN:
SF:lib\transition.js
FN:10,(anonymous_0)
FN:33,(anonymous_1)
FN:39,(anonymous_2)
FN:41,(anonymous_3)
FN:56,(anonymous_4)
FN:74,(anonymous_5)
FN:94,(anonymous_6)
FN:118,(anonymous_7)
FNF:8
FNH:0
FNDA:0,(anonymous_0)
FNDA:0,(anonymous_1)
FNDA:0,(anonymous_2)
FNDA:0,(anonymous_3)
FNDA:0,(anonymous_4)
FNDA:0,(anonymous_5)
FNDA:0,(anonymous_6)
FNDA:0,(anonymous_7)
DA:1,0
DA:12,0
DA:13,0
DA:15,0
DA:16,0
DA:17,0
DA:18,0
DA:19,0
DA:20,0
DA:21,0
DA:22,0
DA:24,0
DA:34,0
DA:35,0
DA:37,0
DA:38,0
DA:39,0
DA:41,0
DA:42,0
DA:43,0
DA:44,0
DA:46,0
DA:48,0
DA:58,0
DA:59,0
DA:60,0
DA:61,0
DA:62,0
DA:63,0
DA:65,0
DA:66,0
DA:76,0
DA:77,0
DA:78,0
DA:79,0
DA:80,0
DA:82,0
DA:85,0
DA:97,0
DA:98,0
DA:99,0
DA:100,0
DA:101,0
DA:102,0
DA:103,0
DA:104,0
DA:106,0
DA:107,0
DA:119,0
DA:121,0
DA:122,0
DA:123,0
DA:125,0
DA:126,0
DA:127,0
DA:132,0
LF:56
LH:0
BRDA:15,0,0,0
BRDA:15,0,1,0
BRDA:17,1,0,0
BRDA:17,1,1,0
BRDA:20,2,0,0
BRDA:20,2,1,0
BRDA:41,3,0,0
BRDA:41,3,1,0
BRDA:41,3,2,0
BRDA:42,4,0,0
BRDA:42,4,1,0
BRDA:59,5,0,0
BRDA:59,5,1,0
BRDA:62,6,0,0
BRDA:62,6,1,0
BRDA:78,7,0,0
BRDA:78,7,1,0
BRDA:78,8,0,0
BRDA:78,8,1,0
BRDA:78,8,2,0
BRDA:99,9,0,0
BRDA:99,9,1,0
BRDA:102,10,0,0
BRDA:102,10,1,0
BRDA:121,11,0,0
BRDA:121,11,1,0
BRF:26
BRH:0
end_of_record
